0 info it worked if it ends with ok
1 verbose cli [ 'node',
1 verbose cli   '/Users/Albert/.meteor/packages/meteor-tool/.1.3.2_4.lbyo5v++os.osx.x86_64+web.browser+web.cordova/mt-os.osx.x86_64/dev_bundle/bin/npm',
1 verbose cli   'install',
1 verbose cli   '--save',
1 verbose cli   'meteor' ]
2 info using npm@2.14.22
3 info using node@v0.10.43
4 verbose install initial load of /Users/Albert/Documents/projects/meteor-present/package.json
5 verbose installManyTop reading scoped package data from /Users/Albert/Documents/projects/meteor-present/node_modules/angular2/package.json
6 verbose installManyTop reading scoped package data from /Users/Albert/Documents/projects/meteor-present/node_modules/angular2-google-maps/package.json
7 verbose installManyTop reading scoped package data from /Users/Albert/Documents/projects/meteor-present/node_modules/angular2-meteor/package.json
8 verbose installManyTop reading scoped package data from /Users/Albert/Documents/projects/meteor-present/node_modules/angular2-meteor-accounts-ui/package.json
9 verbose installManyTop reading scoped package data from /Users/Albert/Documents/projects/meteor-present/node_modules/angular2-meteor-auto-bootstrap/package.json
10 verbose installManyTop reading scoped package data from /Users/Albert/Documents/projects/meteor-present/node_modules/angular2-pagination/package.json
11 verbose installManyTop reading scoped package data from /Users/Albert/Documents/projects/meteor-present/node_modules/ansi-regex/package.json
12 verbose installManyTop reading scoped package data from /Users/Albert/Documents/projects/meteor-present/node_modules/ansi-styles/package.json
13 verbose installManyTop reading scoped package data from /Users/Albert/Documents/projects/meteor-present/node_modules/asap/package.json
14 verbose installManyTop reading scoped package data from /Users/Albert/Documents/projects/meteor-present/node_modules/asn1/package.json
15 verbose installManyTop reading scoped package data from /Users/Albert/Documents/projects/meteor-present/node_modules/assert-plus/package.json
16 verbose installManyTop reading scoped package data from /Users/Albert/Documents/projects/meteor-present/node_modules/async/package.json
17 verbose installManyTop reading scoped package data from /Users/Albert/Documents/projects/meteor-present/node_modules/aws-sign2/package.json
18 verbose installManyTop reading scoped package data from /Users/Albert/Documents/projects/meteor-present/node_modules/aws4/package.json
19 verbose installManyTop reading scoped package data from /Users/Albert/Documents/projects/meteor-present/node_modules/big.js/package.json
20 verbose installManyTop reading scoped package data from /Users/Albert/Documents/projects/meteor-present/node_modules/bl/package.json
21 verbose installManyTop reading scoped package data from /Users/Albert/Documents/projects/meteor-present/node_modules/boom/package.json
22 verbose installManyTop reading scoped package data from /Users/Albert/Documents/projects/meteor-present/node_modules/caseless/package.json
23 verbose installManyTop reading scoped package data from /Users/Albert/Documents/projects/meteor-present/node_modules/chalk/package.json
24 verbose installManyTop reading scoped package data from /Users/Albert/Documents/projects/meteor-present/node_modules/combined-stream/package.json
25 verbose installManyTop reading scoped package data from /Users/Albert/Documents/projects/meteor-present/node_modules/commander/package.json
26 verbose installManyTop reading scoped package data from /Users/Albert/Documents/projects/meteor-present/node_modules/core-util-is/package.json
27 verbose installManyTop reading scoped package data from /Users/Albert/Documents/projects/meteor-present/node_modules/cryptiles/package.json
28 verbose installManyTop reading scoped package data from /Users/Albert/Documents/projects/meteor-present/node_modules/dashdash/package.json
29 verbose installManyTop reading scoped package data from /Users/Albert/Documents/projects/meteor-present/node_modules/delayed-stream/package.json
30 verbose installManyTop reading scoped package data from /Users/Albert/Documents/projects/meteor-present/node_modules/ecc-jsbn/package.json
31 verbose installManyTop reading scoped package data from /Users/Albert/Documents/projects/meteor-present/node_modules/emojis-list/package.json
32 verbose installManyTop reading scoped package data from /Users/Albert/Documents/projects/meteor-present/node_modules/errno/package.json
33 verbose installManyTop reading scoped package data from /Users/Albert/Documents/projects/meteor-present/node_modules/es6-promise/package.json
34 verbose installManyTop reading scoped package data from /Users/Albert/Documents/projects/meteor-present/node_modules/es6-shim/package.json
35 verbose installManyTop reading scoped package data from /Users/Albert/Documents/projects/meteor-present/node_modules/escape-string-regexp/package.json
36 verbose installManyTop reading scoped package data from /Users/Albert/Documents/projects/meteor-present/node_modules/extend/package.json
37 verbose installManyTop reading scoped package data from /Users/Albert/Documents/projects/meteor-present/node_modules/extsprintf/package.json
38 verbose installManyTop reading scoped package data from /Users/Albert/Documents/projects/meteor-present/node_modules/foreachasync/package.json
39 verbose installManyTop reading scoped package data from /Users/Albert/Documents/projects/meteor-present/node_modules/forever-agent/package.json
40 verbose installManyTop reading scoped package data from /Users/Albert/Documents/projects/meteor-present/node_modules/form-data/package.json
41 verbose installManyTop reading scoped package data from /Users/Albert/Documents/projects/meteor-present/node_modules/fs-extra/package.json
42 verbose installManyTop reading scoped package data from /Users/Albert/Documents/projects/meteor-present/node_modules/fs.extra/package.json
43 verbose installManyTop reading scoped package data from /Users/Albert/Documents/projects/meteor-present/node_modules/generate-function/package.json
44 verbose installManyTop reading scoped package data from /Users/Albert/Documents/projects/meteor-present/node_modules/generate-object-property/package.json
45 verbose installManyTop reading scoped package data from /Users/Albert/Documents/projects/meteor-present/node_modules/getpass/package.json
46 verbose installManyTop reading scoped package data from /Users/Albert/Documents/projects/meteor-present/node_modules/graceful-fs/package.json
47 verbose installManyTop reading scoped package data from /Users/Albert/Documents/projects/meteor-present/node_modules/graceful-readlink/package.json
48 verbose installManyTop reading scoped package data from /Users/Albert/Documents/projects/meteor-present/node_modules/har-validator/package.json
49 verbose installManyTop reading scoped package data from /Users/Albert/Documents/projects/meteor-present/node_modules/has-ansi/package.json
50 verbose installManyTop reading scoped package data from /Users/Albert/Documents/projects/meteor-present/node_modules/hawk/package.json
51 verbose installManyTop reading scoped package data from /Users/Albert/Documents/projects/meteor-present/node_modules/hoek/package.json
52 verbose installManyTop reading scoped package data from /Users/Albert/Documents/projects/meteor-present/node_modules/http-signature/package.json
53 verbose installManyTop reading scoped package data from /Users/Albert/Documents/projects/meteor-present/node_modules/image-size/package.json
54 verbose installManyTop reading scoped package data from /Users/Albert/Documents/projects/meteor-present/node_modules/inherits/package.json
55 verbose installManyTop reading scoped package data from /Users/Albert/Documents/projects/meteor-present/node_modules/ionic-webpack-package/package.json
56 verbose installManyTop reading scoped package data from /Users/Albert/Documents/projects/meteor-present/node_modules/is-my-json-valid/package.json
57 verbose installManyTop reading scoped package data from /Users/Albert/Documents/projects/meteor-present/node_modules/is-property/package.json
58 verbose installManyTop reading scoped package data from /Users/Albert/Documents/projects/meteor-present/node_modules/is-typedarray/package.json
59 verbose installManyTop reading scoped package data from /Users/Albert/Documents/projects/meteor-present/node_modules/isarray/package.json
60 verbose installManyTop reading scoped package data from /Users/Albert/Documents/projects/meteor-present/node_modules/isstream/package.json
61 verbose installManyTop reading scoped package data from /Users/Albert/Documents/projects/meteor-present/node_modules/jodid25519/package.json
62 verbose installManyTop reading scoped package data from /Users/Albert/Documents/projects/meteor-present/node_modules/jsbn/package.json
63 verbose installManyTop reading scoped package data from /Users/Albert/Documents/projects/meteor-present/node_modules/json-schema/package.json
64 verbose installManyTop reading scoped package data from /Users/Albert/Documents/projects/meteor-present/node_modules/json-stringify-safe/package.json
65 verbose installManyTop reading scoped package data from /Users/Albert/Documents/projects/meteor-present/node_modules/json5/package.json
66 verbose installManyTop reading scoped package data from /Users/Albert/Documents/projects/meteor-present/node_modules/jsonfile/package.json
67 verbose installManyTop reading scoped package data from /Users/Albert/Documents/projects/meteor-present/node_modules/jsonpointer/package.json
68 verbose installManyTop reading scoped package data from /Users/Albert/Documents/projects/meteor-present/node_modules/jsprim/package.json
69 verbose installManyTop reading scoped package data from /Users/Albert/Documents/projects/meteor-present/node_modules/less/package.json
70 verbose installManyTop reading scoped package data from /Users/Albert/Documents/projects/meteor-present/node_modules/less-loader/package.json
71 verbose installManyTop reading scoped package data from /Users/Albert/Documents/projects/meteor-present/node_modules/loader-utils/package.json
72 verbose installManyTop reading scoped package data from /Users/Albert/Documents/projects/meteor-present/node_modules/meteor-node-stubs/package.json
73 verbose installManyTop reading scoped package data from /Users/Albert/Documents/projects/meteor-present/node_modules/meteor-promise/package.json
74 verbose installManyTop reading scoped package data from /Users/Albert/Documents/projects/meteor-present/node_modules/mime/package.json
75 verbose installManyTop reading scoped package data from /Users/Albert/Documents/projects/meteor-present/node_modules/mime-db/package.json
76 verbose installManyTop reading scoped package data from /Users/Albert/Documents/projects/meteor-present/node_modules/mime-types/package.json
77 verbose installManyTop reading scoped package data from /Users/Albert/Documents/projects/meteor-present/node_modules/minimist/package.json
78 verbose installManyTop reading scoped package data from /Users/Albert/Documents/projects/meteor-present/node_modules/mkdirp/package.json
79 verbose installManyTop reading scoped package data from /Users/Albert/Documents/projects/meteor-present/node_modules/ncp/package.json
80 verbose installManyTop reading scoped package data from /Users/Albert/Documents/projects/meteor-present/node_modules/ng2-material/package.json
81 verbose installManyTop reading scoped package data from /Users/Albert/Documents/projects/meteor-present/node_modules/node-uuid/package.json
82 verbose installManyTop reading scoped package data from /Users/Albert/Documents/projects/meteor-present/node_modules/oauth-sign/package.json
83 verbose installManyTop reading scoped package data from /Users/Albert/Documents/projects/meteor-present/node_modules/object-assign/package.json
84 verbose installManyTop reading scoped package data from /Users/Albert/Documents/projects/meteor-present/node_modules/pinkie/package.json
85 verbose installManyTop reading scoped package data from /Users/Albert/Documents/projects/meteor-present/node_modules/pinkie-promise/package.json
86 verbose installManyTop reading scoped package data from /Users/Albert/Documents/projects/meteor-present/node_modules/process-nextick-args/package.json
87 verbose installManyTop reading scoped package data from /Users/Albert/Documents/projects/meteor-present/node_modules/promise/package.json
88 verbose installManyTop reading scoped package data from /Users/Albert/Documents/projects/meteor-present/node_modules/prr/package.json
89 verbose installManyTop reading scoped package data from /Users/Albert/Documents/projects/meteor-present/node_modules/qs/package.json
90 verbose installManyTop reading scoped package data from /Users/Albert/Documents/projects/meteor-present/node_modules/readable-stream/package.json
91 verbose installManyTop reading scoped package data from /Users/Albert/Documents/projects/meteor-present/node_modules/reflect-metadata/package.json
92 verbose installManyTop reading scoped package data from /Users/Albert/Documents/projects/meteor-present/node_modules/request/package.json
93 verbose installManyTop reading scoped package data from /Users/Albert/Documents/projects/meteor-present/node_modules/rimraf/package.json
94 verbose installManyTop reading scoped package data from /Users/Albert/Documents/projects/meteor-present/node_modules/rxjs/package.json
95 verbose installManyTop reading scoped package data from /Users/Albert/Documents/projects/meteor-present/node_modules/sntp/package.json
96 verbose installManyTop reading scoped package data from /Users/Albert/Documents/projects/meteor-present/node_modules/source-map/package.json
97 verbose installManyTop reading scoped package data from /Users/Albert/Documents/projects/meteor-present/node_modules/sshpk/package.json
98 verbose installManyTop reading scoped package data from /Users/Albert/Documents/projects/meteor-present/node_modules/string_decoder/package.json
99 verbose installManyTop reading scoped package data from /Users/Albert/Documents/projects/meteor-present/node_modules/stringstream/package.json
100 verbose installManyTop reading scoped package data from /Users/Albert/Documents/projects/meteor-present/node_modules/strip-ansi/package.json
101 verbose installManyTop reading scoped package data from /Users/Albert/Documents/projects/meteor-present/node_modules/supports-color/package.json
102 verbose installManyTop reading scoped package data from /Users/Albert/Documents/projects/meteor-present/node_modules/tough-cookie/package.json
103 verbose installManyTop reading scoped package data from /Users/Albert/Documents/projects/meteor-present/node_modules/tunnel-agent/package.json
104 verbose installManyTop reading scoped package data from /Users/Albert/Documents/projects/meteor-present/node_modules/tweetnacl/package.json
105 verbose installManyTop reading scoped package data from /Users/Albert/Documents/projects/meteor-present/node_modules/util-deprecate/package.json
106 verbose installManyTop reading scoped package data from /Users/Albert/Documents/projects/meteor-present/node_modules/verror/package.json
107 verbose installManyTop reading scoped package data from /Users/Albert/Documents/projects/meteor-present/node_modules/walk/package.json
108 verbose installManyTop reading scoped package data from /Users/Albert/Documents/projects/meteor-present/node_modules/xtend/package.json
109 verbose installManyTop reading scoped package data from /Users/Albert/Documents/projects/meteor-present/node_modules/zone.js/package.json
110 info package.json angular2-meteor-accounts-ui@0.3.5 No README data
111 info package.json angular2-meteor-auto-bootstrap@0.5.4 No repository field.
112 info package.json string_decoder@0.10.31 string_decoder is also the name of a node core module.
113 verbose readDependencies loading dependencies from /Users/Albert/Documents/projects/meteor-present/package.json
114 silly cache add args [ 'meteor', null ]
115 verbose cache add spec meteor
116 silly cache add parsed spec { raw: 'meteor',
116 silly cache add   scope: null,
116 silly cache add   name: null,
116 silly cache add   rawSpec: 'meteor',
116 silly cache add   spec: '/Users/Albert/Documents/projects/meteor-present/meteor',
116 silly cache add   type: 'local' }
117 silly addLocalTarball shasum (computed) da39a3ee5e6b4b0d3255bfef95601890afd80709
118 verbose addTmpTarball /Users/Albert/Documents/projects/meteor-present/meteor not in flight; adding
119 verbose correctMkdir /Users/Albert/.npm correctMkdir not in flight; initializing
120 verbose addTmpTarball validating metadata from /Users/Albert/Documents/projects/meteor-present/meteor
121 verbose tar unpack /Users/Albert/Documents/projects/meteor-present/meteor
122 verbose tar unpacking to /var/folders/dq/pcnjlxw559q9t3g5hr3wp7p40000gn/T/npm-3320-625da34a/unpack-43aebf36a4e5
123 silly gentlyRm /var/folders/dq/pcnjlxw559q9t3g5hr3wp7p40000gn/T/npm-3320-625da34a/unpack-43aebf36a4e5 is being purged
124 verbose gentlyRm don't care about contents; nuking /var/folders/dq/pcnjlxw559q9t3g5hr3wp7p40000gn/T/npm-3320-625da34a/unpack-43aebf36a4e5
125 silly gunzTarPerm modes [ '755', '644' ]
126 error tar.unpack error reading /Users/Albert/Documents/projects/meteor-present/meteor
127 error addLocal Could not install /Users/Albert/Documents/projects/meteor-present/meteor
128 verbose stack Error: 0-byte tarball
128 verbose stack Please run `npm cache clean`
128 verbose stack     at /Users/Albert/.meteor/packages/meteor-tool/.1.3.2_4.lbyo5v++os.osx.x86_64+web.browser+web.cordova/mt-os.osx.x86_64/dev_bundle/lib/node_modules/npm/lib/utils/tar.js:126:14
128 verbose stack     at Object.oncomplete (fs.js:108:15)
129 verbose cwd /Users/Albert/Documents/projects/meteor-present
130 error Darwin 15.4.0
131 error argv "node" "/Users/Albert/.meteor/packages/meteor-tool/.1.3.2_4.lbyo5v++os.osx.x86_64+web.browser+web.cordova/mt-os.osx.x86_64/dev_bundle/bin/npm" "install" "--save" "meteor"
132 error node v0.10.43
133 error npm  v2.14.22
134 error 0-byte tarball
134 error Please run `npm cache clean`
135 error If you need help, you may report this error at:
135 error     <https://github.com/npm/npm/issues>
136 verbose exit [ 1, true ]
